---- light / ericw-tools v0.18.1 ----
Raytracing backend: Embree
running with 12 threads
LoadBSPFile: 'reactor.bsp'
BSP is version 29
--- LoadEntities ---
229 entities read, 206 are lights.
--- OptionsSummary ---
Embree_TraceInit: Embree version: 2.15.0
Embree_TraceInit:
	170 sky faces
	5961 solid faces
	0 filtered faces
	0 shadow-casting skip faces
SetupLights: 206 initial lights
SetupLights: 206 after surface lights
SetupLights: 206 after jittering
--- EstimateLightVisibility ---
0....1....2....3....4....5....6....7....8....9....
Final count: 206 lights 0 suns in use.
Colored light entities/settings detected: .lit output enabled.
--- LightWorld ---
0....1....2....3....4....5....6....7....8....9....
Lighting Completed.

lightdatasize: 219248
Writing reactor.lit
0 switchable light styles (32 max)
Writing reactor.bsp as BSP version 29
0.984 seconds elapsed

stats:
41.233206 lights tested, 6.678896 hits per sample point
0.000000 bounce lights tested, 0.000000 hits per sample point
0 empty lightmaps
