---- qbsp / ericw-tools v0.18.1 ----
Input file: MultiplayerMap.map
Output file: MultiplayerMap.bsp

---- LoadMapFile ----
*** WARNING 06: No info_player_deathmatch entities in level
          365 faces
           51 brushes
            3 entities
            3 unique texnames
           88 texinfo

Opened WAD: ../../../../../GITHUB/Quake_Multiplayer_Map/wads/prototype_1_2.wad
Processing hull 0...
---- Brush_LoadEntity ----
           51 brushes
          175 planes
---- CSGFaces ----
          365 brushfaces
          374 csgfaces
          298 mergedfaces
---- SolidBSP ----
          527 split nodes
          171 solid leafs
          357 empty leafs
            0 water leafs
            0 detail leafs
            0 detail illusionary leafs
            0 detail fence leafs
            0 illusionary visblocker leafs
         3552 leaffaces
         3386 nodefaces
---- Portalize ----
          357 vis leafs
          357 vis clusters
         1147 vis portals
---- FillOutside ----
          104 outleafs
---- MergeAll ----
          280 mergefaces
---- SolidBSP ----
          357 split nodes
          133 solid leafs
          225 empty leafs
            0 water leafs
            0 detail leafs
            0 detail illusionary leafs
            0 detail fence leafs
            0 illusionary visblocker leafs
         2022 leaffaces
         1820 nodefaces
---- Portalize ----
          225 vis leafs
          225 vis clusters
          799 vis portals
---- Tjunc ----
          997 world edges
         5090 edge points
          754 edges added by tjunctions
            0 faces added by tjunctions
---- MakeFaceEdges ----
---- GrowRegions ----
Processing hull 1...
Processing hull 2...
---- WriteBSPFile ----
Wrote MultiplayerMap.bsp
          477 planes             9540
         2196 vertexes          26352
          357 nodes              8568
           54 texinfo            2160
         1820 faces             36400
          869 clipnodes          6952
          226 leafs              6328
         2022 marksurfaces       4044
         8036 surfedges         32144
         4019 edges             16076
            3 textures          65416
              lightdata             0
              visdata               0
              entdata             178

3.374 seconds elapsed
Peak memory usage: 8145024 (7.8M)
